# JRE version: Java(TM) SE Runtime Environment (8.0_151-b12) (build 1.8.0_151-b12)
# Java VM: Java HotSpot(TM) 64-Bit Server VM (25.151-b12 mixed mode windows-amd64 compressed oops)
Heap:
 PSYoungGen      total 205312K, used 8939K [0x00000000d6e00000, 0x00000000e6980000, 0x0000000100000000)
  eden space 188928K, 0% used [0x00000000d6e00000,0x00000000d6e00000,0x00000000e2680000)
  from space 16384K, 54% used [0x00000000e3c80000,0x00000000e453ae08,0x00000000e4c80000)
  to   space 22528K, 0% used [0x00000000e2680000,0x00000000e2680000,0x00000000e3c80000)
 ParOldGen       total 62976K, used 42217K [0x0000000084a00000, 0x0000000088780000, 0x00000000d6e00000)
  object space 62976K, 67% used [0x0000000084a00000,0x000000008733a7c8,0x0000000088780000)
 Metaspace       used 28263K, capacity 28822K, committed 28928K, reserved 1079296K
  class space    used 3345K, capacity 3519K, committed 3584K, reserved 1048576K
GC Heap History (10 events):
Event: 4.202 GC heap after
Heap after GC invocations=7 (full 1):
 PSYoungGen      total 136704K, used 0K [0x00000000d6e00000, 0x00000000dfe00000, 0x0000000100000000)
  eden space 126976K, 0% used [0x00000000d6e00000,0x00000000d6e00000,0x00000000dea00000)
  from space 9728K, 0% used [0x00000000df480000,0x00000000df480000,0x00000000dfe00000)
  to   space 10240K, 0% used [0x00000000dea00000,0x00000000dea00000,0x00000000df400000)
 ParOldGen       total 62976K, used 11631K [0x0000000084a00000, 0x0000000088780000, 0x00000000d6e00000)
  object space 62976K, 18% used [0x0000000084a00000,0x000000008555bcd8,0x0000000088780000)
 Metaspace       used 20737K, capacity 21120K, committed 21296K, reserved 1069056K
  class space    used 2471K, capacity 2616K, committed 2688K, reserved 1048576K
}
Event: 5.300 GC heap before
{Heap before GC invocations=8 (full 1):
 PSYoungGen      total 136704K, used 126976K [0x00000000d6e00000, 0x00000000dfe00000, 0x0000000100000000)
  eden space 126976K, 100% used [0x00000000d6e00000,0x00000000dea00000,0x00000000dea00000)
  from space 9728K, 0% used [0x00000000df480000,0x00000000df480000,0x00000000dfe00000)
  to   space 10240K, 0% used [0x00000000dea00000,0x00000000dea00000,0x00000000df400000)
 ParOldGen       total 62976K, used 11631K [0x0000000084a00000, 0x0000000088780000, 0x00000000d6e00000)
  object space 62976K, 18% used [0x0000000084a00000,0x000000008555bcd8,0x0000000088780000)
 Metaspace       used 23621K, capacity 24036K, committed 24192K, reserved 1071104K
  class space    used 2779K, capacity 2927K, committed 2944K, reserved 1048576K
Event: 5.317 GC heap after
Heap after GC invocations=8 (full 1):
 PSYoungGen      total 137216K, used 10221K [0x00000000d6e00000, 0x00000000e4c80000, 0x0000000100000000)
  eden space 126976K, 0% used [0x00000000d6e00000,0x00000000d6e00000,0x00000000dea00000)
  from space 10240K, 99% used [0x00000000dea00000,0x00000000df3fb640,0x00000000df400000)
  to   space 16384K, 0% used [0x00000000e3c80000,0x00000000e3c80000,0x00000000e4c80000)
 ParOldGen       total 62976K, used 21401K [0x0000000084a00000, 0x0000000088780000, 0x00000000d6e00000)
  object space 62976K, 33% used [0x0000000084a00000,0x0000000085ee6590,0x0000000088780000)
 Metaspace       used 23621K, capacity 24036K, committed 24192K, reserved 1071104K
  class space    used 2779K, capacity 2927K, committed 2944K, reserved 1048576K
}
Event: 5.887 GC heap before
{Heap before GC invocations=9 (full 1):
 PSYoungGen      total 137216K, used 137197K [0x00000000d6e00000, 0x00000000e4c80000, 0x0000000100000000)
  eden space 126976K, 100% used [0x00000000d6e00000,0x00000000dea00000,0x00000000dea00000)
  from space 10240K, 99% used [0x00000000dea00000,0x00000000df3fb640,0x00000000df400000)
  to   space 16384K, 0% used [0x00000000e3c80000,0x00000000e3c80000,0x00000000e4c80000)
 ParOldGen       total 62976K, used 21401K [0x0000000084a00000, 0x0000000088780000, 0x00000000d6e00000)
  object space 62976K, 33% used [0x0000000084a00000,0x0000000085ee6590,0x0000000088780000)
 Metaspace       used 23624K, capacity 24100K, committed 24192K, reserved 1071104K
  class space    used 2779K, capacity 2927K, committed 2944K, reserved 1048576K
Event: 5.932 GC heap after
Heap after GC invocations=9 (full 1):
 PSYoungGen      total 205312K, used 16380K [0x00000000d6e00000, 0x00000000e6980000, 0x0000000100000000)
  eden space 188928K, 0% used [0x00000000d6e00000,0x00000000d6e00000,0x00000000e2680000)
  from space 16384K, 99% used [0x00000000e3c80000,0x00000000e4c7f0c0,0x00000000e4c80000)
  to   space 22528K, 0% used [0x00000000e2680000,0x00000000e2680000,0x00000000e3c80000)
 ParOldGen       total 62976K, used 30287K [0x0000000084a00000, 0x0000000088780000, 0x00000000d6e00000)
  object space 62976K, 48% used [0x0000000084a00000,0x0000000086793fc0,0x0000000088780000)
 Metaspace       used 23624K, capacity 24100K, committed 24192K, reserved 1071104K
  class space    used 2779K, capacity 2927K, committed 2944K, reserved 1048576K
}
Event: 6.870 GC heap before
{Heap before GC invocations=10 (full 1):
 PSYoungGen      total 205312K, used 205308K [0x00000000d6e00000, 0x00000000e6980000, 0x0000000100000000)
  eden space 188928K, 100% used [0x00000000d6e00000,0x00000000e2680000,0x00000000e2680000)
  from space 16384K, 99% used [0x00000000e3c80000,0x00000000e4c7f0c0,0x00000000e4c80000)
  to   space 22528K, 0% used [0x00000000e2680000,0x00000000e2680000,0x00000000e3c80000)
 ParOldGen       total 62976K, used 30287K [0x0000000084a00000, 0x0000000088780000, 0x00000000d6e00000)
  object space 62976K, 48% used [0x0000000084a00000,0x0000000086793fc0,0x0000000088780000)
 Metaspace       used 24115K, capacity 24630K, committed 24832K, reserved 1071104K
  class space    used 2843K, capacity 2997K, committed 3072K, reserved 1048576K
Event: 7.989 GC heap after
Heap after GC invocations=10 (full 1):
 PSYoungGen      total 211456K, used 22496K [0x00000000d6e00000, 0x00000000e6980000, 0x0000000100000000)
  eden space 188928K, 0% used [0x00000000d6e00000,0x00000000d6e00000,0x00000000e2680000)
  from space 22528K, 99% used [0x00000000e2680000,0x00000000e3c78338,0x00000000e3c80000)
  to   space 16384K, 0% used [0x00000000e3c80000,0x00000000e3c80000,0x00000000e4c80000)
 ParOldGen       total 62976K, used 38883K [0x0000000084a00000, 0x0000000088780000, 0x00000000d6e00000)
  object space 62976K, 61% used [0x0000000084a00000,0x0000000086ff8fc8,0x0000000088780000)
 Metaspace       used 24115K, capacity 24630K, committed 24832K, reserved 1071104K
  class space    used 2843K, capacity 2997K, committed 3072K, reserved 1048576K
}
Event: 8.619 GC heap before
{Heap before GC invocations=11 (full 1):
 PSYoungGen      total 211456K, used 53279K [0x00000000d6e00000, 0x00000000e6980000, 0x0000000100000000)
  eden space 188928K, 16% used [0x00000000d6e00000,0x00000000d8c0fab0,0x00000000e2680000)
  from space 22528K, 99% used [0x00000000e2680000,0x00000000e3c78338,0x00000000e3c80000)
  to   space 16384K, 0% used [0x00000000e3c80000,0x00000000e3c80000,0x00000000e4c80000)
 ParOldGen       total 62976K, used 38883K [0x0000000084a00000, 0x0000000088780000, 0x00000000d6e00000)
  object space 62976K, 61% used [0x0000000084a00000,0x0000000086ff8fc8,0x0000000088780000)
 Metaspace       used 28263K, capacity 28822K, committed 28928K, reserved 1079296K
  class space    used 3345K, capacity 3519K, committed 3584K, reserved 1048576K
Event: 8.682 GC heap after
Heap after GC invocations=11 (full 1):
 PSYoungGen      total 205312K, used 8939K [0x00000000d6e00000, 0x00000000e6980000, 0x0000000100000000)
  eden space 188928K, 0% used [0x00000000d6e00000,0x00000000d6e00000,0x00000000e2680000)
  from space 16384K, 54% used [0x00000000e3c80000,0x00000000e453ae08,0x00000000e4c80000)
  to   space 22528K, 0% used [0x00000000e2680000,0x00000000e2680000,0x00000000e3c80000)
 ParOldGen       total 62976K, used 42217K [0x0000000084a00000, 0x0000000088780000, 0x00000000d6e00000)
  object space 62976K, 67% used [0x0000000084a00000,0x000000008733a7c8,0x0000000088780000)
 Metaspace       used 28263K, capacity 28822K, committed 28928K, reserved 1079296K
  class space    used 3345K, capacity 3519K, committed 3584K, reserved 1048576K
}
Event: 8.682 GC heap before
{Heap before GC invocations=12 (full 2):
 PSYoungGen      total 205312K, used 8939K [0x00000000d6e00000, 0x00000000e6980000, 0x0000000100000000)
  eden space 188928K, 0% used [0x00000000d6e00000,0x00000000d6e00000,0x00000000e2680000)
  from space 16384K, 54% used [0x00000000e3c80000,0x00000000e453ae08,0x00000000e4c80000)
  to   space 22528K, 0% used [0x00000000e2680000,0x00000000e2680000,0x00000000e3c80000)
 ParOldGen       total 62976K, used 42217K [0x0000000084a00000, 0x0000000088780000, 0x00000000d6e00000)
  object space 62976K, 67% used [0x0000000084a00000,0x000000008733a7c8,0x0000000088780000)
 Metaspace       used 28263K, capacity 28822K, committed 28928K, reserved 1079296K
  class space    used 3345K, capacity 3519K, committed 3584K, reserved 1048576K

